<?xml version="1.0" encoding="UTF-8"?>
<coverage generated="1761652477292" clover="3.2.0">
  <project timestamp="1761652477292" name="All files">
    <metrics statements="6" coveredstatements="6" conditionals="0" coveredconditionals="0" methods="4" coveredmethods="4" elements="10" coveredelements="10" complexity="0" loc="6" ncloc="6" packages="1" files="2" classes="2"/>
    <file name="math.js" path="C:\Users\USER\OneDrive\Desktop\azure-automation-projects\code-coverage\math.js">
      <metrics statements="3" coveredstatements="3" conditionals="0" coveredconditionals="0" methods="2" coveredmethods="2"/>
      <line num="2" count="1" type="stmt"/>
      <line num="6" count="1" type="stmt"/>
      <line num="9" count="1" type="stmt"/>
    </file>
    <file name="string.js" path="C:\Users\USER\OneDrive\Desktop\azure-automation-projects\code-coverage\string.js">
      <metrics statements="3" coveredstatements="3" conditionals="0" coveredconditionals="0" methods="2" coveredmethods="2"/>
      <line num="2" count="1" type="stmt"/>
      <line num="6" count="1" type="stmt"/>
      <line num="8" count="1" type="stmt"/>
    </file>
  </project>
</coverage>
